===================================== demo =====================================

[2025-07-03 19:49:41] Testing AgentLogger component

================================================================================

===================================== demo =====================================

[2025-07-03 19:49:41] Logger component is working correctly!

================================================================================

================================ demo: success ================================

[2025-07-03 19:49:41] AgentLogger functionality verified

================================================================================

===================================== demo =====================================

[2025-07-03 19:49:41] Testing AgentComms component

================================================================================

===================================== demo =====================================

[2025-07-03 19:49:41] Received message: Hello from AgentComms!

================================================================================

================================ demo: success ================================

[2025-07-03 19:49:41] AgentComms functionality verified

================================================================================

===================================== demo =====================================

[2025-07-03 19:49:41] Testing AgentMemory component

================================================================================

================================ demo: success ================================

[2025-07-03 19:49:41] AgentMemory functionality verified

================================================================================

===================================== demo =====================================

[2025-07-03 19:49:41] Testing AgentLoop component

================================================================================

===================================== demo =====================================

[2025-07-03 19:49:42] Executing step 1

================================================================================

===================================== demo =====================================

[2025-07-03 19:49:42] Executing step 2

================================================================================

===================================== demo =====================================

[2025-07-03 19:49:42] Executing step 3

================================================================================

================================ demo: success ================================

[2025-07-03 19:49:42] AgentLoop functionality verified

================================================================================

===================================== demo =====================================

[2025-07-03 19:49:42] Testing Core State management

================================================================================

================================ demo: success ================================

[2025-07-03 19:49:42] Core State management verified

================================================================================

================================ demo: success ================================

[2025-07-03 19:49:42] All core components successfully demonstrated!

================================================================================

